0 info it worked if it ends with ok
1 verbose cli [ '/usr/local/Cellar/node/5.4.1_1/bin/node',
1 verbose cli   '/usr/local/bin/npm',
1 verbose cli   'start' ]
2 info using npm@3.5.3
3 info using node@v5.4.1
4 verbose run-script [ 'prestart', 'start', 'poststart' ]
5 info lifecycle graphql-demo@1.0.0~prestart: graphql-demo@1.0.0
6 silly lifecycle graphql-demo@1.0.0~prestart: no script for prestart, continuing
7 info lifecycle graphql-demo@1.0.0~start: graphql-demo@1.0.0
8 verbose lifecycle graphql-demo@1.0.0~start: unsafe-perm in lifecycle true
9 verbose lifecycle graphql-demo@1.0.0~start: PATH: /usr/local/lib/node_modules/npm/bin/node-gyp-bin:/Users/mosesyeung/Documents/research/graphql-demo/node_modules/.bin:/usr/local/bin:/usr/bin:/bin:/usr/sbin:/sbin
10 verbose lifecycle graphql-demo@1.0.0~start: CWD: /Users/mosesyeung/Documents/research/graphql-demo
11 silly lifecycle graphql-demo@1.0.0~start: Args: [ '-c', 'babel-node index.js' ]
12 silly lifecycle graphql-demo@1.0.0~start: Returned: code: 1  signal: null
13 info lifecycle graphql-demo@1.0.0~start: Failed to exec start script
14 verbose stack Error: graphql-demo@1.0.0 start: `babel-node index.js`
14 verbose stack Exit status 1
14 verbose stack     at EventEmitter.<anonymous> (/usr/local/lib/node_modules/npm/lib/utils/lifecycle.js:232:16)
14 verbose stack     at emitTwo (events.js:87:13)
14 verbose stack     at EventEmitter.emit (events.js:172:7)
14 verbose stack     at ChildProcess.<anonymous> (/usr/local/lib/node_modules/npm/lib/utils/spawn.js:24:14)
14 verbose stack     at emitTwo (events.js:87:13)
14 verbose stack     at ChildProcess.emit (events.js:172:7)
14 verbose stack     at maybeClose (internal/child_process.js:821:16)
14 verbose stack     at Process.ChildProcess._handle.onexit (internal/child_process.js:211:5)
15 verbose pkgid graphql-demo@1.0.0
16 verbose cwd /Users/mosesyeung/Documents/research/graphql-demo
17 error Darwin 15.4.0
18 error argv "/usr/local/Cellar/node/5.4.1_1/bin/node" "/usr/local/bin/npm" "start"
19 error node v5.4.1
20 error npm  v3.5.3
21 error code ELIFECYCLE
22 error graphql-demo@1.0.0 start: `babel-node index.js`
22 error Exit status 1
23 error Failed at the graphql-demo@1.0.0 start script 'babel-node index.js'.
23 error Make sure you have the latest version of node.js and npm installed.
23 error If you do, this is most likely a problem with the graphql-demo package,
23 error not with npm itself.
23 error Tell the author that this fails on your system:
23 error     babel-node index.js
23 error You can get information on how to open an issue for this project with:
23 error     npm bugs graphql-demo
23 error Or if that isn't available, you can get their info via:
23 error     npm owner ls graphql-demo
23 error There is likely additional logging output above.
24 verbose exit [ 1, true ]
